13:39:17.258 [main] DEBUG org.kevin.carpark.dao.jaxbimpl.TicketMachineDAOJaxbImpl - using dataFile:C:\Users\bogto\Desktop\gitrepos\Car-Park-Assignment\parking\dao-jaxb\target\testDaofile.xml
13:39:17.268 [main] DEBUG org.kevin.carpark.dao.jaxbimpl.TicketMachineDAOJaxbImpl - dataFile does not exist creating new C:\Users\bogto\Desktop\gitrepos\Car-Park-Assignment\parking\dao-jaxb\target\testDaofile.xml
13:39:17.276 [main] DEBUG org.kevin.carpark.dao.jaxbimpl.TicketMachineDAOJaxbImpl - saving xml to file:<?xml version="1.0" encoding="UTF-8" standalone="yes"?>
<ticketMachineList>
    <ticketMachine/>
</ticketMachineList>

13:39:17.277 [main] DEBUG org.kevin.carpark.dao.jaxbimpl.test.TicketMachineDAOJaxbImplTest - adding entity:Entity{id=0, location=Location0, schedule=TicketScheduleList{ticketSchedule=[org.kevin.carpark.model.TicketSchedule@65d6b83b]}}
13:39:17.292 [main] DEBUG org.kevin.carpark.dao.jaxbimpl.TicketMachineDAOJaxbImpl - saving xml to file:<?xml version="1.0" encoding="UTF-8" standalone="yes"?>
<ticketMachineList>
    <lastTicketMachineId>1</lastTicketMachineId>
    <ticketMachine>
        <ticketMachine>
            <id>1</id>
            <location>Location0</location>
            <scheduleList>
                <scheduleList>
                    <schedule>
                        <scheduleId>0</scheduleId>
                        <startTime>13:00</startTime>
                        <pricePerHour>5.0</pricePerHour>
                    </schedule>
                </scheduleList>
            </scheduleList>
        </ticketMachine>
    </ticketMachine>
</ticketMachineList>

13:39:17.292 [main] DEBUG org.kevin.carpark.dao.jaxbimpl.test.TicketMachineDAOJaxbImplTest - adding entity:Entity{id=1, location=Location1, schedule=TicketScheduleList{ticketSchedule=[org.kevin.carpark.model.TicketSchedule@29176cc1]}}
13:39:17.298 [main] DEBUG org.kevin.carpark.dao.jaxbimpl.TicketMachineDAOJaxbImpl - saving xml to file:<?xml version="1.0" encoding="UTF-8" standalone="yes"?>
<ticketMachineList>
    <lastTicketMachineId>2</lastTicketMachineId>
    <ticketMachine>
        <ticketMachine>
            <id>1</id>
            <location>Location0</location>
            <scheduleList>
                <scheduleList>
                    <schedule>
                        <scheduleId>0</scheduleId>
                        <startTime>13:00</startTime>
                        <pricePerHour>5.0</pricePerHour>
                    </schedule>
                </scheduleList>
            </scheduleList>
        </ticketMachine>
        <ticketMachine>
            <id>2</id>
            <location>Location1</location>
            <scheduleList>
                <scheduleList>
                    <schedule>
                        <scheduleId>1</scheduleId>
                        <startTime>13:00</startTime>
                        <pricePerHour>5.0</pricePerHour>
                    </schedule>
                </scheduleList>
            </scheduleList>
        </ticketMachine>
    </ticketMachine>
</ticketMachineList>

13:39:17.300 [main] DEBUG org.kevin.carpark.dao.jaxbimpl.test.TicketMachineDAOJaxbImplTest - adding entity:Entity{id=2, location=Location2, schedule=TicketScheduleList{ticketSchedule=[org.kevin.carpark.model.TicketSchedule@15b204a1]}}
13:39:17.305 [main] DEBUG org.kevin.carpark.dao.jaxbimpl.TicketMachineDAOJaxbImpl - saving xml to file:<?xml version="1.0" encoding="UTF-8" standalone="yes"?>
<ticketMachineList>
    <lastTicketMachineId>3</lastTicketMachineId>
    <ticketMachine>
        <ticketMachine>
            <id>1</id>
            <location>Location0</location>
            <scheduleList>
                <scheduleList>
                    <schedule>
                        <scheduleId>0</scheduleId>
                        <startTime>13:00</startTime>
                        <pricePerHour>5.0</pricePerHour>
                    </schedule>
                </scheduleList>
            </scheduleList>
        </ticketMachine>
        <ticketMachine>
            <id>2</id>
            <location>Location1</location>
            <scheduleList>
                <scheduleList>
                    <schedule>
                        <scheduleId>1</scheduleId>
                        <startTime>13:00</startTime>
                        <pricePerHour>5.0</pricePerHour>
                    </schedule>
                </scheduleList>
            </scheduleList>
        </ticketMachine>
        <ticketMachine>
            <id>3</id>
            <location>Location2</location>
            <scheduleList>
                <scheduleList>
                    <schedule>
                        <scheduleId>2</scheduleId>
                        <startTime>13:00</startTime>
                        <pricePerHour>5.0</pricePerHour>
                    </schedule>
                </scheduleList>
            </scheduleList>
        </ticketMachine>
    </ticketMachine>
</ticketMachineList>

13:39:17.328 [main] DEBUG org.kevin.carpark.dao.jaxbimpl.test.TicketMachineDAOJaxbImplTest - deleting  entity:2
13:39:17.333 [main] DEBUG org.kevin.carpark.dao.jaxbimpl.TicketMachineDAOJaxbImpl - saving xml to file:<?xml version="1.0" encoding="UTF-8" standalone="yes"?>
<ticketMachineList>
    <lastTicketMachineId>3</lastTicketMachineId>
    <ticketMachine>
        <ticketMachine>
            <id>1</id>
            <location>Location0</location>
            <scheduleList>
                <scheduleList>
                    <schedule>
                        <scheduleId>0</scheduleId>
                        <startTime>13:00</startTime>
                        <pricePerHour>5.0</pricePerHour>
                    </schedule>
                </scheduleList>
            </scheduleList>
        </ticketMachine>
        <ticketMachine>
            <id>3</id>
            <location>Location2</location>
            <scheduleList>
                <scheduleList>
                    <schedule>
                        <scheduleId>2</scheduleId>
                        <startTime>13:00</startTime>
                        <pricePerHour>5.0</pricePerHour>
                    </schedule>
                </scheduleList>
            </scheduleList>
        </ticketMachine>
    </ticketMachine>
</ticketMachineList>

13:39:17.339 [main] DEBUG org.kevin.carpark.dao.jaxbimpl.test.TicketMachineDAOJaxbImplTest - updating entity: Entity{id=3, location=Location2, schedule=TicketScheduleList{ticketSchedule=[org.kevin.carpark.model.TicketSchedule@229d10bd]}}
13:39:17.339 [main] DEBUG org.kevin.carpark.dao.jaxbimpl.test.TicketMachineDAOJaxbImplTest - update template: Entity{id=3, location=field_A_Update, schedule=TicketScheduleList{ticketSchedule=[org.kevin.carpark.model.TicketSchedule@229d10bd]}}
13:39:17.343 [main] DEBUG org.kevin.carpark.dao.jaxbimpl.TicketMachineDAOJaxbImpl - saving xml to file:<?xml version="1.0" encoding="UTF-8" standalone="yes"?>
<ticketMachineList>
    <lastTicketMachineId>3</lastTicketMachineId>
    <ticketMachine>
        <ticketMachine>
            <id>1</id>
            <location>Location0</location>
            <scheduleList>
                <scheduleList>
                    <schedule>
                        <scheduleId>0</scheduleId>
                        <startTime>13:00</startTime>
                        <pricePerHour>5.0</pricePerHour>
                    </schedule>
                </scheduleList>
            </scheduleList>
        </ticketMachine>
        <ticketMachine>
            <id>3</id>
            <location>field_A_Update</location>
            <scheduleList>
                <scheduleList>
                    <schedule>
                        <scheduleId>2</scheduleId>
                        <startTime>13:00</startTime>
                        <pricePerHour>5.0</pricePerHour>
                    </schedule>
                </scheduleList>
            </scheduleList>
        </ticketMachine>
    </ticketMachine>
</ticketMachineList>

13:39:17.347 [main] DEBUG org.kevin.carpark.dao.jaxbimpl.test.TicketMachineDAOJaxbImplTest - updated entity: Entity{id=3, location=field_A_Update, schedule=TicketScheduleList{ticketSchedule=[org.kevin.carpark.model.TicketSchedule@33afa13b]}}
13:39:17.349 [main] DEBUG org.kevin.carpark.dao.jaxbimpl.test.TicketMachineDAOJaxbImplTest - retrieved entity: Entity{id=3, location=field_A_Update, schedule=TicketScheduleList{ticketSchedule=[org.kevin.carpark.model.TicketSchedule@7a4ccb53]}}
13:39:17.354 [main] DEBUG org.kevin.carpark.dao.jaxbimpl.test.TicketMachineDAOJaxbImplTest - searching for: Entity{id=3, location=field_A_Update, schedule=TicketScheduleList{ticketSchedule=[org.kevin.carpark.model.TicketSchedule@309e345f]}}
13:39:17.355 [main] DEBUG org.kevin.carpark.dao.jaxbimpl.test.TicketMachineDAOJaxbImplTest - using template : Entity{id=null, location=null, schedule=TicketScheduleList{ticketSchedule=[org.kevin.carpark.model.TicketSchedule@309e345f]}}
